-------------------------------------------------------------------------------
Test set: com.google.MapsAPITest
-------------------------------------------------------------------------------
Tests run: 1, Failures: 1, Errors: 0, Skipped: 0, Time elapsed: 1.465 sec <<< FAILURE!
testGoogleApiJSON(com.google.MapsAPITest)  Time elapsed: 1.462 sec  <<< FAILURE!
org.junit.ComparisonFailure: expected:<[???]> but was:<[{
   "results" : [
      {
         "address_components" : [
            {
               "long_name" : "527",
               "short_name" : "527",
               "types" : [ "street_number" ]
            },
            {
               "long_name" : "State Street",
               "short_name" : "State St",
               "types" : [ "route" ]
            },
            {
               "long_name" : "State-Langdon",
               "short_name" : "State-Langdon",
               "types" : [ "neighborhood", "political" ]
            },
            {
               "long_name" : "Madison",
               "short_name" : "Madison",
               "types" : [ "locality", "political" ]
            },
            {
               "long_name" : "Dane County",
               "short_name" : "Dane County",
               "types" : [ "administrative_area_level_2", "political" ]
            },
            {
               "long_name" : "Wisconsin",
               "short_name" : "WI",
               "types" : [ "administrative_area_level_1", "political" ]
            },
            {
               "long_name" : "United States",
               "short_name" : "US",
               "types" : [ "country", "political" ]
            },
            {
               "long_name" : "53703",
               "short_name" : "53703",
               "types" : [ "postal_code" ]
            }
         ],
         "formatted_address" : "527 State St, Madison, WI 53703, USA",
         "geometry" : {
            "location" : {
               "lat" : 43.0744518,
               "lng" : -89.395078
            },
            "location_type" : "APPROXIMATE",
            "viewport" : {
               "northeast" : {
                  "lat" : 43.07580078029149,
                  "lng" : -89.3937290197085
               },
               "southwest" : {
                  "lat" : 43.0731028197085,
                  "lng" : -89.39642698029151
               }
            }
         },
         "place_id" : "ChIJaU25wTVTBogRpwfcyNNxInk",
         "types" : [
            "establishment",
            "food",
            "meal_delivery",
            "meal_takeaway",
            "point_of_interest",
            "restaurant"
         ]
      }
   ],
   "status" : "OK"
}
]>
	at org.junit.Assert.assertEquals(Assert.java:115)
	at org.junit.Assert.assertEquals(Assert.java:144)
	at com.google.MapsAPITest.testGoogleApiJSON(MapsAPITest.java:17)
	at sun.reflect.NativeMethodAccessorImpl.invoke0(Native Method)
	at sun.reflect.NativeMethodAccessorImpl.invoke(NativeMethodAccessorImpl.java:62)
	at sun.reflect.DelegatingMethodAccessorImpl.invoke(DelegatingMethodAccessorImpl.java:43)
	at java.lang.reflect.Method.invoke(Method.java:498)
	at org.junit.runners.model.FrameworkMethod$1.runReflectiveCall(FrameworkMethod.java:50)
	at org.junit.internal.runners.model.ReflectiveCallable.run(ReflectiveCallable.java:12)
	at org.junit.runners.model.FrameworkMethod.invokeExplosively(FrameworkMethod.java:47)
	at org.junit.internal.runners.statements.InvokeMethod.evaluate(InvokeMethod.java:17)
	at org.junit.runners.ParentRunner.runLeaf(ParentRunner.java:325)
	at org.junit.runners.BlockJUnit4ClassRunner.runChild(BlockJUnit4ClassRunner.java:78)
	at org.junit.runners.BlockJUnit4ClassRunner.runChild(BlockJUnit4ClassRunner.java:57)
	at org.junit.runners.ParentRunner$3.run(ParentRunner.java:290)
	at org.junit.runners.ParentRunner$1.schedule(ParentRunner.java:71)
	at org.junit.runners.ParentRunner.runChildren(ParentRunner.java:288)
	at org.junit.runners.ParentRunner.access$000(ParentRunner.java:58)
	at org.junit.runners.ParentRunner$2.evaluate(ParentRunner.java:268)
	at org.junit.runners.ParentRunner.run(ParentRunner.java:363)
	at org.apache.maven.surefire.junit4.JUnit4Provider.execute(JUnit4Provider.java:252)
	at org.apache.maven.surefire.junit4.JUnit4Provider.executeTestSet(JUnit4Provider.java:141)
	at org.apache.maven.surefire.junit4.JUnit4Provider.invoke(JUnit4Provider.java:112)
	at sun.reflect.NativeMethodAccessorImpl.invoke0(Native Method)
	at sun.reflect.NativeMethodAccessorImpl.invoke(NativeMethodAccessorImpl.java:62)
	at sun.reflect.DelegatingMethodAccessorImpl.invoke(DelegatingMethodAccessorImpl.java:43)
	at java.lang.reflect.Method.invoke(Method.java:498)
	at org.apache.maven.surefire.util.ReflectionUtils.invokeMethodWithArray(ReflectionUtils.java:189)
	at org.apache.maven.surefire.booter.ProviderFactory$ProviderProxy.invoke(ProviderFactory.java:165)
	at org.apache.maven.surefire.booter.ProviderFactory.invokeProvider(ProviderFactory.java:85)
	at org.apache.maven.surefire.booter.ForkedBooter.runSuitesInProcess(ForkedBooter.java:115)
	at org.apache.maven.surefire.booter.ForkedBooter.main(ForkedBooter.java:75)

